C51 COMPILER V9.00   SERVER                                                                06/05/2014 16:47:10 PAGE 1   


C51 COMPILER V9.00, COMPILATION OF MODULE SERVER
OBJECT MODULE PLACED IN server.OBJ
COMPILER INVOKED BY: C:\Keil\C51\BIN\C51.EXE server.c BROWSE DEBUG OBJECTEXTEND

line level    source

   1          #include "IO_def.h"
   2          #include <reg52.h>
   3          #include "server.h"
   4          #include "lcd12864a.h"
   5          void delay_1ms()
   6          {
   7   1              unsigned int i;
   8   1      
   9   1              for (i=1; i<(unsigned int)(xtal*142-2); ++i);   //xtal为晶振频率，单位MHz
  10   1      }
  11          
  12          void delay_ms(unsigned int n)
  13          {
  14   1              unsigned int i;
  15   1      
  16   1              for (i=0; i<n; ++i)
  17   1                      delay_1ms();
  18   1      }
  19          
  20          void my_delay(unsigned int n)
  21          {       uchar TH_temp=TH1;
  22   1              uchar TL_temp=TL1;
  23   1              while ((TH1*256+TL1-TH_temp*256-TL_temp)<=n) {}
  24   1      }


MODULE INFORMATION:   STATIC OVERLAYABLE
   CODE SIZE        =     93    ----
   CONSTANT SIZE    =   ----    ----
   XDATA SIZE       =   ----    ----
   PDATA SIZE       =   ----    ----
   DATA SIZE        =   ----       1
   IDATA SIZE       =   ----    ----
   BIT SIZE         =   ----    ----
END OF MODULE INFORMATION.


C51 COMPILATION COMPLETE.  0 WARNING(S),  0 ERROR(S)
