C51 COMPILER V9.01   MAIN                                                                  03/18/2014 14:32:26 PAGE 1   


C51 COMPILER V9.01, COMPILATION OF MODULE MAIN
OBJECT MODULE PLACED IN main.OBJ
COMPILER INVOKED BY: C:\Keil\C51\BIN\C51.EXE main.c BROWSE DEBUG OBJECTEXTEND

line level    source

   1          #include <reg52.h>
   2          #include <intrins.h>
   3          #include <stdlib.h>
   4          #include "lcd12864a.h"
   5          #include "CC1101.h"
   6          #include "DS18B20.h"
   7          #include "IO_def.h"
   8          #include "server.h"
   9          
  10          //***************更多功率参数设置可详细参考DATACC1100英文文档中第48-49页的参数表******************
  11          //uchar PaTabel[8] = {0x04 ,0x04 ,0x04 ,0x04 ,0x04 ,0x04 ,0x04 ,0x04};  //-30dBm   功率最小
  12          //uchar PaTabel[8] = {0x60 ,0x60 ,0x60 ,0x60 ,0x60 ,0x60 ,0x60 ,0x60};  //0dBm
  13          xdata uchar PaTabel[8] = {0xC0 ,0xC0 ,0xC0 ,0xC0 ,0xC0 ,0xC0 ,0xC0 ,0xC0};   //10dBm     功率最大
  14          uchar RSSI;
  15          extern int j;
  16          /*int RSSI_to_RSSI_dB(uchar rssi)
  17          {       if(rssi>=128)
  18                          return (RSSI-255)/2-74;
  19                  else
  20                          return RSSI/2-74; 
  21           }      */
  22          
  23          void main()
  24          {               uchar i_signal=0;
  25   1                      uchar ten;
  26   1                      uchar xx=0,yy=0;
  27   1                      uchar ss=1;
  28   1      xdata   uchar leng=10;
  29   1      xdata   uchar tt=0;
  30   1      xdata   uchar TxBuf[6]={0};      // 8字节, 如果需要更长的数据包,请正确设置
  31   1      xdata   uchar RxBuf[8]={0};
  32   1      xdata   uchar biaohao=10;
  33   1          BELL =1;             //不响铃
  34   1              LED1=0;                  //开灯
  35   1              LED2=0;
  36   1      //      UART_init();
  37   1          back_lcd=0;           //液晶背光开
  38   1          lcd_init();
  39   1              delay1();
  40   1          delay1();
  41   1          delay1();
  42   1          disdate_a(0x00,0x00);
  43   1              delay1();
  44   1          delay1();
  45   1          delay1();
  46   1      //  entermenu();              /*-----开机显示  天津大学欢迎您！ -----*/
  47   1              delay1();
  48   1          delay1();
  49   1          delay1();
  50   1      //    disdate_a(0x00,0x00);
  51   1      //   back_lcd=1;                        //液晶背光关
  52   1      
  53   1              CpuInit();
  54   1              POWER_UP_RESET_CC1101();
  55   1              halRfWriteRfSettings();
C51 COMPILER V9.01   MAIN                                                                  03/18/2014 14:32:26 PAGE 2   

  56   1              halSpiWriteBurstReg(CC1101_PATABLE, PaTabel, 8);        // CC1101_PATABLE=0011 1111
  57   1              LED1=1;
  58   1              //TxBuf[0] = 8 ;
  59   1      //      TxBuf[1] = 1 ;
  60   1      //      TxBuf[2] = 1 ;
  61   1      //      halRfSendPacket(TxBuf,8);       // Transmit Tx buffer data
  62   1      //      delay_ms(200);
  63   1          BELL = 1;   
  64   1              LED1=1;
  65   1              LED2=1;
  66   1      
  67   1      draw_map();
  68   1      writedigital(22,4,65);
  69   1      writedigital(23,2,65);
  70   1      writedigital(16,4,57);
  71   1      writedigital(16,2,57);
  72   1      writedigital(21,3,120);
  73   1      writedigital(21,3,112);
  74   1      writedigital(16,3,104);
  75   1      writedigital(20,7,120);
  76   1      writedigital(16,7,113);
  77   1      
  78   1      /*for (xx=1;xx<=77;xx++)
  79   1      { yy=1;
  80   1      draw_position(xx,yy);      delay_ms(100)        ;
  81   1      } 
  82   1      for (yy=1;yy<=56;yy++)
  83   1      { xx=77;
  84   1      draw_position(xx,yy);           delay_ms(100)   ;
  85   1      }
  86   1      for (xx=77;xx>=1;xx--)
  87   1      { yy=56;
  88   1      draw_position(xx,yy);      delay_ms(100)        ;
  89   1      } 
  90   1      for (yy=56;yy>=1;yy--)
  91   1      { xx=1;
  92   1      draw_position(xx,yy);  delay_ms(100)    ;
  93   1      }       */
  94   1      
  95   1              Init_DS18B20();
  96   1      //      Adjust_res_18B20(0x3f);   //0.25
  97   1      //      ReadTemperature();
  98   1      
  99   1      
 100   1              TMOD = TMOD | 0x10;
 101   1              TH1=0x3c;
 102   1              TL1=0xb0;
 103   1              TF1=0;
 104   1              TR1=1;
 105   1      
 106   1              TxBuf[1]=0xFF;
 107   1              TxBuf[3]=0xFF;                                                           
 108   1                      biaohao++;                                                                                                         //第一次数据
 109   1      
 110   1                      if (KEY1==0)
 111   1                      {biaohao=biaohao%3;}
 112   1                      else if (biaohao<10)
 113   1                      {biaohao=10;}
 114   1      
 115   1                      TxBuf[5]=biaohao;       
 116   1                      
 117   1      
C51 COMPILER V9.01   MAIN                                                                  03/18/2014 14:32:26 PAGE 3   

 118   1                                      
 119   1                      LED1=~LED1;
 120   1      //              SendPacket(TxBuf,8,0);
 121   1                                              {       TxBuf[4]=0x00;
 122   2                                                      halRfSendPacket(TxBuf,6);       delay_ms(8);
 123   2                                                      halRfSendPacket(TxBuf,6);       delay_ms(8);
 124   2                                                      halRfSendPacket(TxBuf,6);       delay_ms(8);
 125   2                                                      halRfSendPacket(TxBuf,6);       delay_ms(8);
 126   2                                                      halRfSendPacket(TxBuf,6);       delay_ms(8);
 127   2                                                      halRfSendPacket(TxBuf,6);       delay_ms(8);
 128   2                                                      halRfSendPacket(TxBuf,6);       delay_ms(8);
 129   2                                                      halRfSendPacket(TxBuf,6);       delay_ms(8);
 130   2                                                      halRfSendPacket(TxBuf,6);       delay_ms(8);
 131   2                                                      TxBuf[4]=0xFF;
 132   2                                                      halRfSendPacket(TxBuf,6);       delay_ms(6);
 133   2                                                      halRfSendPacket(TxBuf,6);       delay_ms(6);
 134   2                                                      halRfSendPacket(TxBuf,6);       delay_ms(6);
 135   2                                                      halRfSendPacket(TxBuf,6);       
 136   2                                              }
 137   1                      LED1=~LED1;
 138   1      //              writedigital(biaohao%10,7,92);
 139   1                      Dispchar(biaohao%256,7,103);
 140   1                      tt=0;
 141   1      
 142   1              while(1)
 143   1              {       
 144   2                      //ReadTemperature();
 145   2                      Init_DS18B20();
 146   2                      WriteOneChar_18B20(0xCC); // 跳过读序号列号的操作
 147   2                      WriteOneChar_18B20(0x44); // 启动温度
 148   2      
 149   2                                      //取温度
 150   2                      Init_DS18B20();
 151   2                      WriteOneChar_18B20(0xCC); //跳过读序号列号的操作
 152   2                      WriteOneChar_18B20(0xBE); //读取温度寄存器
 153   2                      
 154   2                      tempL=ReadOneChar_18B20(); //读出温度的低位LSB
 155   2                      tempH=ReadOneChar_18B20(); //读出温度的高位MSB 
 156   2                      
 157   2                      if(tempH>0x7f)      //最高位为1时温度是负
 158   2                      {
 159   3                      tempL=~tempL;         //补码转换，取反加一
 160   3                      tempH=~tempH+1;       
 161   3                      fg=0;      //读取温度为负时fg=0
 162   3                      }
 163   2                      integer = tempL/16+tempH*16;      //整数部分
 164   2                      decimal1 = (tempL&0x0f)*10/16; //小数第一位
 165   2                      decimal2 = (tempL&0x0f)*100/16%10;//小数第二位
 166   2                      decimal=decimal1*10+decimal2; //小数
 167   2      
 168   2                                      //显示温度
 169   2                      ten = integer/10;
 170   2                      writedigital(ten,1,120);          // 十位
 171   2                      ten = integer-ten*10;
 172   2                      writedigital(ten,1,112);          // 个位
 173   2                      writedigital(19,1,104);   // 小数点
 174   2                      ten = decimal/10;
 175   2                      writedigital(ten,1,101);          // 小数第一位
 176   2                      ten = decimal-ten*10;
 177   2      //              writedigital(ten,1,92);   // 小数第二位
 178   2                      writeone(1,1,85);         // ℃                         
 179   2      
C51 COMPILER V9.01   MAIN                                                                  03/18/2014 14:32:26 PAGE 4   

 180   2      
 181   2                       if(TF1==1)
 182   2                       {      tt++;
 183   3                              if(tt==20)
 184   3                              {               biaohao++;
 185   4      
 186   4                      if (KEY1==0)
 187   4                      {biaohao=biaohao%3;}
 188   4                      else if (biaohao<10)
 189   4                      {biaohao=10;}
 190   4      
 191   4                                              TxBuf[5]=biaohao;                       
 192   4                                              LED1=~LED1;
 193   4                                              i_signal=i_signal+1;
 194   4                                              if(i_signal==2) 
 195   4                                              {       writeone(0,6,60);                 //清空                当
 196   5                                                      writeone(0,6,44);                       //                前
 197   5                                                      writeone(0,6,28);                         //            位
 198   5                                                      writeone(0,6,12);                               //                置
 199   5                                                      writeone(2,6,52);               //              无
 200   5                                                      writeone(3,6,36);                 //    信
 201   5                                                      writeone(4,6,20);                       //      号      
 202   5                                                      i_signal=0;
 203   5                                              }
 204   4      //                                      SendPacket(TxBuf,8,0);
 205   4                                              {       TxBuf[4]=0x00;
 206   5                                                      halRfSendPacket(TxBuf,6);       delay_ms(8);
 207   5                                                      halRfSendPacket(TxBuf,6);       delay_ms(8);
 208   5                                                      halRfSendPacket(TxBuf,6);       delay_ms(8);
 209   5                                                      halRfSendPacket(TxBuf,6);       delay_ms(8);
 210   5                                                      halRfSendPacket(TxBuf,6);       delay_ms(8);
 211   5                                                      halRfSendPacket(TxBuf,6);       delay_ms(8);
 212   5                                                      halRfSendPacket(TxBuf,6);       delay_ms(8);
 213   5                                                      halRfSendPacket(TxBuf,6);       delay_ms(8);
 214   5                                                      halRfSendPacket(TxBuf,6);       delay_ms(8);
 215   5                                                      TxBuf[4]=0xFF;
 216   5                                                      halRfSendPacket(TxBuf,6);       delay_ms(6);
 217   5                                                      halRfSendPacket(TxBuf,6);       delay_ms(6);
 218   5                                                      halRfSendPacket(TxBuf,6);       delay_ms(6);
 219   5                                                      halRfSendPacket(TxBuf,6);       
 220   5                                              }
 221   4                                              LED1=~LED1;
 222   4      //              writedigital(biaohao%10,7,92);
 223   4                      Dispchar(biaohao%256,7,103);
 224   4                                              tt=0;                                   
 225   4                              }
 226   3                              TH1=0x3c;
 227   3                              TL1=0xb0;
 228   3                              TF1=0;                                                                                   
 229   3                       }
 230   2                              
 231   2                              
 232   2                              if(ReceivePacket(RxBuf,&leng))          
 233   2                              {                       writeone(0,6,52);               //              无         //清空
 234   3                                                      writeone(0,6,36);                 //    信
 235   3                                                      writeone(0,6,20);                       //      号      
 236   3                                                      writeone(5,6,60);                 //            当
 237   3                                                      writeone(6,6,44);                       //                前
 238   3                                                      writeone(7,6,28);                         //            位
 239   3                                                      writeone(8,6,12);                               //                置
 240   3      
 241   3      //                       Dispchar(ss,3,30);                                       //测试，用来观察收到几个返回的数据包
C51 COMPILER V9.01   MAIN                                                                  03/18/2014 14:32:26 PAGE 5   

 242   3                               if(RxBuf[5]==biaohao)                                                                                   //返回的第一个数据包，节点2345的RSSI  ，测试用
 243   3                               {      LED2=~LED2;
 244   4      //                              Dispchar(RSSI_to_RSSI_dB(RxBuf[3]),7,120);
 245   4      //                              Dispchar(RSSI_to_RSSI_dB(RxBuf[4]),5,120);
 246   4      //                              Dispchar(RSSI_to_RSSI_dB(RxBuf[6]),3,120);
 247   4      //                              Dispchar(RSSI_to_RSSI_dB(RxBuf[7]),1,120);
 248   4      //                              Dispchar(RxBuf[1],1,30);//附近最近节点。
 249   4                      //              Dispchar(RxBuf[3],7,120);
 250   4                      //              Dispchar(RxBuf[4],5,120);
 251   4                      //              Dispchar(RxBuf[6],3,120);
 252   4                      //              Dispchar(RxBuf[7],1,120);
 253   4                                      writedigital(RxBuf[1],3,90);//附近最近节点。
 254   4                                      ss++;
 255   4                                      LED2=~LED2;
 256   4                               }
 257   3                               if(RxBuf[5]==biaohao+1)                                                                                //返回的第二个数据包。节点6789的RSSI ，测试用
 258   3                               {      LED2=~LED2;
 259   4      //                              Dispchar(RSSI_to_RSSI_dB(RxBuf[3]),7,80);
 260   4      //                              Dispchar(RSSI_to_RSSI_dB(RxBuf[4]),5,80);
 261   4      //                              Dispchar(RSSI_to_RSSI_dB(RxBuf[6]),3,80);
 262   4      //                              Dispchar(RSSI_to_RSSI_dB(RxBuf[7]),1,80);
 263   4      //                              Dispchar(RxBuf[1],1,30);//附近最近节点。
 264   4                      //              Dispchar(RxBuf[3],7,90);
 265   4                      //              Dispchar(RxBuf[4],5,90);
 266   4                      //              Dispchar(RxBuf[6],3,90);
 267   4                      //              Dispchar(RxBuf[7],1,90);
 268   4                                      writedigital(RxBuf[1],3,90);//附近最近节点。
 269   4      
 270   4                                      draw_position(RxBuf[3],RxBuf[6]);
 271   4                                                      ten = RxBuf[3]/10;
 272   4                                                      writedigital(ten,4,50);   // 十位
 273   4                                                      ten = RxBuf[3]-ten*10;
 274   4                                                      writedigital(ten,4,42);   // 个位
 275   4                                                      writedigital(19,4,34);    // 小数点
 276   4                                                      ten = RxBuf[4]/10;
 277   4                                                      writedigital(ten,4,31);   // 小数第一位
 278   4                                                      ten = RxBuf[4]-ten*10;
 279   4                                                      writedigital(ten,4,22);   // 小数第二位
 280   4      
 281   4                                                      ten = RxBuf[6]/10;
 282   4                                                      writedigital(ten,2,50);   // 十位
 283   4                                                      ten = RxBuf[6]-ten*10;
 284   4                                                      writedigital(ten,2,42);   // 个位
 285   4                                                      writedigital(19,2,34);    // 小数点
 286   4                                                      ten = RxBuf[7]/10;
 287   4                                                      writedigital(ten,2,31);   // 小数第一位
 288   4                                                      ten = RxBuf[7]-ten*10;
 289   4                                                      writedigital(ten,2,22);   // 小数第二位
 290   4      
 291   4      
 292   4      
 293   4                                      ss++;
 294   4                                      LED2=~LED2;
 295   4      
 296   4      
 297   4                                              biaohao++;
 298   4                      if (KEY1==0)
 299   4                      {biaohao=biaohao%3;}
 300   4                      else if (biaohao<10)
 301   4                      {biaohao=10;}
 302   4      
 303   4                                              TxBuf[5]=biaohao;                       
C51 COMPILER V9.01   MAIN                                                                  03/18/2014 14:32:26 PAGE 6   

 304   4                                              LED1=~LED1;
 305   4      //                                      SendPacket(TxBuf,8,0);
 306   4                                              {       TxBuf[4]=0x00;
 307   5                                                      halRfSendPacket(TxBuf,6);       delay_ms(10);
 308   5                                                      halRfSendPacket(TxBuf,6);       delay_ms(10);
 309   5                                                      halRfSendPacket(TxBuf,6);       delay_ms(10);
 310   5                                                      halRfSendPacket(TxBuf,6);       delay_ms(10);
 311   5                                                      halRfSendPacket(TxBuf,6);       delay_ms(10);
 312   5                                                      halRfSendPacket(TxBuf,6);       delay_ms(10);
 313   5                                                      halRfSendPacket(TxBuf,6);       delay_ms(10);
 314   5                                                      halRfSendPacket(TxBuf,6);       delay_ms(10);
 315   5                                                      halRfSendPacket(TxBuf,6);       delay_ms(10);
 316   5                                                      TxBuf[4]=0xFF;
 317   5                                                      halRfSendPacket(TxBuf,6);       
 318   5                                              }
 319   4                                              LED1=~LED1;
 320   4                      //              writedigital(biaohao%10,7,92);
 321   4                                      Dispchar(biaohao%256,7,103);
 322   4                                              tt=0;
 323   4      
 324   4                               }
 325   3      /*                              if(RxBuf[5]==biaohao+2)                                                  //返回的第三个数据包，上位机发送的位置信息
 326   3                               {      LED2=~LED2;
 327   3      //                              Dispchar(RxBuf[3],3,40);
 328   3      //                              Dispchar(RxBuf[4],5,40);
 329   3      //                              Dispchar(RxBuf[6],3,40);
 330   3      //                              Dispchar(RxBuf[7],1,40);
 331   3      //                              Dispchar(RxBuf[1],1,40);//附近最近节点。
 332   3                      //              Dispchar(RxBuf[3],7,60);
 333   3                      //              Dispchar(RxBuf[4],5,60);
 334   3                      //              Dispchar(RxBuf[6],3,60);
 335   3                      //              Dispchar(RxBuf[7],1,60);
 336   3                      //              Dispchar(RxBuf[1],3,120);//附近最近节点。
 337   3                                      writedigital(RxBuf[1],3,90);
 338   3                                      ss++;
 339   3                                      LED2=~LED2;
 340   3      
 341   3      //                              draw_position()
 342   3      
 343   3      
 344   3      
 345   3                                              biaohao++;
 346   3                                              TxBuf[5]=biaohao;                       
 347   3                                              LED1=~LED1;
 348   3      //                                      SendPacket(TxBuf,8,0);
 349   3                                              {       TxBuf[4]=0x00;
 350   3                                                      halRfSendPacket(TxBuf,6);       delay_ms(10);
 351   3                                                      halRfSendPacket(TxBuf,6);       delay_ms(10);
 352   3                                                      halRfSendPacket(TxBuf,6);       delay_ms(10);
 353   3                                                      halRfSendPacket(TxBuf,6);       delay_ms(10);
 354   3                                                      halRfSendPacket(TxBuf,6);       delay_ms(10);
 355   3                                                      halRfSendPacket(TxBuf,6);       delay_ms(10);
 356   3                                                      halRfSendPacket(TxBuf,6);       delay_ms(10);
 357   3                                                      halRfSendPacket(TxBuf,6);       delay_ms(10);
 358   3                                                      halRfSendPacket(TxBuf,6);       delay_ms(10);
 359   3                                                      TxBuf[4]=0xFF;
 360   3                                                      halRfSendPacket(TxBuf,6);       
 361   3                                              }
 362   3                                              LED1=~LED1;
 363   3      //              writedigital(biaohao%10,7,92);
 364   3                      Dispchar(biaohao%256,7,103);
 365   3                                              tt=0;                                   
C51 COMPILER V9.01   MAIN                                                                  03/18/2014 14:32:26 PAGE 7   

 366   3      
 367   3      
 368   3                               } */
 369   3                               }
 370   2              }
 371   1              }


MODULE INFORMATION:   STATIC OVERLAYABLE
   CODE SIZE        =   1766    ----
   CONSTANT SIZE    =     14    ----
   XDATA SIZE       =      8      17
   PDATA SIZE       =   ----    ----
   DATA SIZE        =      1       5
   IDATA SIZE       =   ----    ----
   BIT SIZE         =   ----    ----
END OF MODULE INFORMATION.


C51 COMPILATION COMPLETE.  0 WARNING(S),  0 ERROR(S)
